[0.145s] DEBUG:colcon:Command line arguments: ['/usr/bin/colcon', 'build']
[0.145s] DEBUG:colcon:Parsed command line arguments: Namespace(allow_overriding=[], ament_cmake_args=None, base_paths=['.'], build_base='build', catkin_cmake_args=None, catkin_skip_building_tests=False, cmake_args=None, cmake_clean_cache=False, cmake_clean_first=False, cmake_force_configure=False, cmake_target=None, cmake_target_skip_unavailable=False, continue_on_error=False, event_handlers=None, executor='parallel', ignore_user_meta=False, install_base='install', log_base=None, log_level=None, main=<bound method BuildVerb.main of <colcon_core.verb.build.BuildVerb object at 0x7f07a6e0c490>>, merge_install=False, metas=['./colcon.meta'], packages_above=None, packages_above_and_dependencies=None, packages_above_depth=None, packages_end=None, packages_ignore=None, packages_ignore_regex=None, packages_select=None, packages_select_build_failed=False, packages_select_by_dep=None, packages_select_regex=None, packages_select_test_failures=False, packages_skip=None, packages_skip_build_finished=False, packages_skip_by_dep=None, packages_skip_regex=None, packages_skip_test_passed=False, packages_skip_up_to=None, packages_start=None, packages_up_to=None, packages_up_to_regex=None, parallel_workers=12, paths=None, symlink_install=False, test_result_base=None, verb_extension=<colcon_core.verb.build.BuildVerb object at 0x7f07a6e0c490>, verb_name='build', verb_parser=<colcon_defaults.argument_parser.defaults.DefaultArgumentsDecorator object at 0x7f07a6c74af0>)
[0.216s] Level 1:colcon.colcon_core.package_discovery:discover_packages(colcon_meta) check parameters
[0.216s] Level 1:colcon.colcon_core.package_discovery:discover_packages(recursive) check parameters
[0.216s] Level 1:colcon.colcon_core.package_discovery:discover_packages(ignore) check parameters
[0.216s] Level 1:colcon.colcon_core.package_discovery:discover_packages(path) check parameters
[0.216s] Level 1:colcon.colcon_core.package_discovery:discover_packages(colcon_meta) discover
[0.216s] Level 1:colcon.colcon_core.package_discovery:discover_packages(recursive) discover
[0.216s] INFO:colcon.colcon_core.package_discovery:Crawling recursively for packages in '/home/yuma0825/ros2_ws'
[0.216s] Level 1:colcon.colcon_core.package_identification:_identify(.) by extensions ['ignore', 'ignore_ament_install']
[0.216s] Level 1:colcon.colcon_core.package_identification:_identify(.) by extension 'ignore'
[0.216s] Level 1:colcon.colcon_core.package_identification:_identify(.) by extension 'ignore_ament_install'
[0.216s] Level 1:colcon.colcon_core.package_identification:_identify(.) by extensions ['colcon_pkg']
[0.216s] Level 1:colcon.colcon_core.package_identification:_identify(.) by extension 'colcon_pkg'
[0.216s] Level 1:colcon.colcon_core.package_identification:_identify(.) by extensions ['colcon_meta']
[0.216s] Level 1:colcon.colcon_core.package_identification:_identify(.) by extension 'colcon_meta'
[0.216s] Level 1:colcon.colcon_core.package_identification:_identify(.) by extensions ['ros']
[0.216s] Level 1:colcon.colcon_core.package_identification:_identify(.) by extension 'ros'
[0.223s] Level 1:colcon.colcon_core.package_identification:_identify(.) by extensions ['cmake', 'python']
[0.223s] Level 1:colcon.colcon_core.package_identification:_identify(.) by extension 'cmake'
[0.223s] Level 1:colcon.colcon_core.package_identification:_identify(.) by extension 'python'
[0.223s] Level 1:colcon.colcon_core.package_identification:_identify(.) by extensions ['python_setup_py']
[0.223s] Level 1:colcon.colcon_core.package_identification:_identify(.) by extension 'python_setup_py'
[0.223s] Level 1:colcon.colcon_core.package_identification:_identify(build) by extensions ['ignore', 'ignore_ament_install']
[0.223s] Level 1:colcon.colcon_core.package_identification:_identify(build) by extension 'ignore'
[0.223s] Level 1:colcon.colcon_core.package_identification:_identify(build) ignored
[0.223s] Level 1:colcon.colcon_core.package_identification:_identify(install) by extensions ['ignore', 'ignore_ament_install']
[0.223s] Level 1:colcon.colcon_core.package_identification:_identify(install) by extension 'ignore'
[0.223s] Level 1:colcon.colcon_core.package_identification:_identify(install) ignored
[0.223s] Level 1:colcon.colcon_core.package_identification:_identify(log) by extensions ['ignore', 'ignore_ament_install']
[0.223s] Level 1:colcon.colcon_core.package_identification:_identify(log) by extension 'ignore'
[0.223s] Level 1:colcon.colcon_core.package_identification:_identify(log) ignored
[0.224s] Level 1:colcon.colcon_core.package_identification:_identify(src) by extensions ['ignore', 'ignore_ament_install']
[0.224s] Level 1:colcon.colcon_core.package_identification:_identify(src) by extension 'ignore'
[0.224s] Level 1:colcon.colcon_core.package_identification:_identify(src) by extension 'ignore_ament_install'
[0.224s] Level 1:colcon.colcon_core.package_identification:_identify(src) by extensions ['colcon_pkg']
[0.224s] Level 1:colcon.colcon_core.package_identification:_identify(src) by extension 'colcon_pkg'
[0.224s] Level 1:colcon.colcon_core.package_identification:_identify(src) by extensions ['colcon_meta']
[0.224s] Level 1:colcon.colcon_core.package_identification:_identify(src) by extension 'colcon_meta'
[0.224s] Level 1:colcon.colcon_core.package_identification:_identify(src) by extensions ['ros']
[0.224s] Level 1:colcon.colcon_core.package_identification:_identify(src) by extension 'ros'
[0.224s] Level 1:colcon.colcon_core.package_identification:_identify(src) by extensions ['cmake', 'python']
[0.224s] Level 1:colcon.colcon_core.package_identification:_identify(src) by extension 'cmake'
[0.224s] Level 1:colcon.colcon_core.package_identification:_identify(src) by extension 'python'
[0.224s] Level 1:colcon.colcon_core.package_identification:_identify(src) by extensions ['python_setup_py']
[0.224s] Level 1:colcon.colcon_core.package_identification:_identify(src) by extension 'python_setup_py'
[0.224s] Level 1:colcon.colcon_core.package_identification:_identify(src/clock_node) by extensions ['ignore', 'ignore_ament_install']
[0.224s] Level 1:colcon.colcon_core.package_identification:_identify(src/clock_node) by extension 'ignore'
[0.224s] Level 1:colcon.colcon_core.package_identification:_identify(src/clock_node) by extension 'ignore_ament_install'
[0.224s] Level 1:colcon.colcon_core.package_identification:_identify(src/clock_node) by extensions ['colcon_pkg']
[0.224s] Level 1:colcon.colcon_core.package_identification:_identify(src/clock_node) by extension 'colcon_pkg'
[0.224s] Level 1:colcon.colcon_core.package_identification:_identify(src/clock_node) by extensions ['colcon_meta']
[0.224s] Level 1:colcon.colcon_core.package_identification:_identify(src/clock_node) by extension 'colcon_meta'
[0.224s] Level 1:colcon.colcon_core.package_identification:_identify(src/clock_node) by extensions ['ros']
[0.224s] Level 1:colcon.colcon_core.package_identification:_identify(src/clock_node) by extension 'ros'
[0.229s] DEBUG:colcon.colcon_core.package_identification:Package 'src/clock_node' with type 'ros.ament_python' and name 'clock_node'
[0.229s] Level 1:colcon.colcon_core.package_identification:_identify(src/your_package_name) by extensions ['ignore', 'ignore_ament_install']
[0.229s] Level 1:colcon.colcon_core.package_identification:_identify(src/your_package_name) by extension 'ignore'
[0.229s] Level 1:colcon.colcon_core.package_identification:_identify(src/your_package_name) by extension 'ignore_ament_install'
[0.229s] Level 1:colcon.colcon_core.package_identification:_identify(src/your_package_name) by extensions ['colcon_pkg']
[0.229s] Level 1:colcon.colcon_core.package_identification:_identify(src/your_package_name) by extension 'colcon_pkg'
[0.229s] Level 1:colcon.colcon_core.package_identification:_identify(src/your_package_name) by extensions ['colcon_meta']
[0.229s] Level 1:colcon.colcon_core.package_identification:_identify(src/your_package_name) by extension 'colcon_meta'
[0.229s] Level 1:colcon.colcon_core.package_identification:_identify(src/your_package_name) by extensions ['ros']
[0.229s] Level 1:colcon.colcon_core.package_identification:_identify(src/your_package_name) by extension 'ros'
[0.230s] DEBUG:colcon.colcon_core.package_identification:Package 'src/your_package_name' with type 'ros.ament_python' and name 'your_package_name'
[0.230s] Level 1:colcon.colcon_core.package_discovery:discover_packages(recursive) using defaults
[0.230s] Level 1:colcon.colcon_core.package_discovery:discover_packages(ignore) discover
[0.230s] Level 1:colcon.colcon_core.package_discovery:discover_packages(ignore) using defaults
[0.230s] Level 1:colcon.colcon_core.package_discovery:discover_packages(path) discover
[0.230s] Level 1:colcon.colcon_core.package_discovery:discover_packages(path) using defaults
[0.240s] Level 1:colcon.colcon_core.package_discovery:discover_packages(prefix_path) check parameters
[0.240s] Level 1:colcon.colcon_core.package_discovery:discover_packages(prefix_path) discover
[0.241s] DEBUG:colcon.colcon_installed_package_information.package_discovery:Found 0 installed packages in /home/yuma0825/ros2_ws/install
[0.241s] DEBUG:colcon.colcon_installed_package_information.package_discovery:Found 256 installed packages in /opt/ros/foxy
[0.242s] Level 1:colcon.colcon_core.package_discovery:discover_packages(prefix_path) using defaults
[0.278s] Level 5:colcon.colcon_core.verb:set package 'clock_node' build argument 'cmake_args' from command line to 'None'
[0.278s] Level 5:colcon.colcon_core.verb:set package 'clock_node' build argument 'cmake_target' from command line to 'None'
[0.279s] Level 5:colcon.colcon_core.verb:set package 'clock_node' build argument 'cmake_target_skip_unavailable' from command line to 'False'
[0.279s] Level 5:colcon.colcon_core.verb:set package 'clock_node' build argument 'cmake_clean_cache' from command line to 'False'
[0.279s] Level 5:colcon.colcon_core.verb:set package 'clock_node' build argument 'cmake_clean_first' from command line to 'False'
[0.279s] Level 5:colcon.colcon_core.verb:set package 'clock_node' build argument 'cmake_force_configure' from command line to 'False'
[0.279s] Level 5:colcon.colcon_core.verb:set package 'clock_node' build argument 'ament_cmake_args' from command line to 'None'
[0.279s] Level 5:colcon.colcon_core.verb:set package 'clock_node' build argument 'catkin_cmake_args' from command line to 'None'
[0.279s] Level 5:colcon.colcon_core.verb:set package 'clock_node' build argument 'catkin_skip_building_tests' from command line to 'False'
[0.279s] DEBUG:colcon.colcon_core.verb:Building package 'clock_node' with the following arguments: {'ament_cmake_args': None, 'build_base': '/home/yuma0825/ros2_ws/build/clock_node', 'catkin_cmake_args': None, 'catkin_skip_building_tests': False, 'cmake_args': None, 'cmake_clean_cache': False, 'cmake_clean_first': False, 'cmake_force_configure': False, 'cmake_target': None, 'cmake_target_skip_unavailable': False, 'install_base': '/home/yuma0825/ros2_ws/install/clock_node', 'merge_install': False, 'path': '/home/yuma0825/ros2_ws/src/clock_node', 'symlink_install': False, 'test_result_base': None}
[0.279s] Level 5:colcon.colcon_core.verb:set package 'your_package_name' build argument 'cmake_args' from command line to 'None'
[0.279s] Level 5:colcon.colcon_core.verb:set package 'your_package_name' build argument 'cmake_target' from command line to 'None'
[0.279s] Level 5:colcon.colcon_core.verb:set package 'your_package_name' build argument 'cmake_target_skip_unavailable' from command line to 'False'
[0.279s] Level 5:colcon.colcon_core.verb:set package 'your_package_name' build argument 'cmake_clean_cache' from command line to 'False'
[0.279s] Level 5:colcon.colcon_core.verb:set package 'your_package_name' build argument 'cmake_clean_first' from command line to 'False'
[0.279s] Level 5:colcon.colcon_core.verb:set package 'your_package_name' build argument 'cmake_force_configure' from command line to 'False'
[0.279s] Level 5:colcon.colcon_core.verb:set package 'your_package_name' build argument 'ament_cmake_args' from command line to 'None'
[0.279s] Level 5:colcon.colcon_core.verb:set package 'your_package_name' build argument 'catkin_cmake_args' from command line to 'None'
[0.279s] Level 5:colcon.colcon_core.verb:set package 'your_package_name' build argument 'catkin_skip_building_tests' from command line to 'False'
[0.279s] DEBUG:colcon.colcon_core.verb:Building package 'your_package_name' with the following arguments: {'ament_cmake_args': None, 'build_base': '/home/yuma0825/ros2_ws/build/your_package_name', 'catkin_cmake_args': None, 'catkin_skip_building_tests': False, 'cmake_args': None, 'cmake_clean_cache': False, 'cmake_clean_first': False, 'cmake_force_configure': False, 'cmake_target': None, 'cmake_target_skip_unavailable': False, 'install_base': '/home/yuma0825/ros2_ws/install/your_package_name', 'merge_install': False, 'path': '/home/yuma0825/ros2_ws/src/your_package_name', 'symlink_install': False, 'test_result_base': None}
[0.279s] INFO:colcon.colcon_core.executor:Executing jobs using 'parallel' executor
[0.280s] DEBUG:colcon.colcon_parallel_executor.executor.parallel:run_until_complete
[0.280s] INFO:colcon.colcon_ros.task.ament_python.build:Building ROS package in '/home/yuma0825/ros2_ws/src/clock_node' with build type 'ament_python'
[0.281s] Level 1:colcon.colcon_core.shell:create_environment_hook('clock_node', 'ament_prefix_path')
[0.282s] INFO:colcon.colcon_core.plugin_system:Skipping extension 'colcon_core.shell.bat': Not used on non-Windows systems
[0.282s] INFO:colcon.colcon_core.shell:Creating environment hook '/home/yuma0825/ros2_ws/install/clock_node/share/clock_node/hook/ament_prefix_path.ps1'
[0.286s] INFO:colcon.colcon_core.shell:Creating environment descriptor '/home/yuma0825/ros2_ws/install/clock_node/share/clock_node/hook/ament_prefix_path.dsv'
[0.286s] INFO:colcon.colcon_core.shell:Creating environment hook '/home/yuma0825/ros2_ws/install/clock_node/share/clock_node/hook/ament_prefix_path.sh'
[0.287s] INFO:colcon.colcon_core.shell:Skip shell extension 'powershell' for command environment: Not usable outside of PowerShell
[0.287s] DEBUG:colcon.colcon_core.shell:Skip shell extension 'dsv' for command environment
[0.292s] INFO:colcon.colcon_ros.task.ament_python.build:Building ROS package in '/home/yuma0825/ros2_ws/src/your_package_name' with build type 'ament_python'
[0.292s] Level 1:colcon.colcon_core.shell:create_environment_hook('your_package_name', 'ament_prefix_path')
[0.293s] INFO:colcon.colcon_core.shell:Creating environment hook '/home/yuma0825/ros2_ws/install/your_package_name/share/your_package_name/hook/ament_prefix_path.ps1'
[0.293s] INFO:colcon.colcon_core.shell:Creating environment descriptor '/home/yuma0825/ros2_ws/install/your_package_name/share/your_package_name/hook/ament_prefix_path.dsv'
[0.294s] INFO:colcon.colcon_core.shell:Creating environment hook '/home/yuma0825/ros2_ws/install/your_package_name/share/your_package_name/hook/ament_prefix_path.sh'
[0.294s] INFO:colcon.colcon_core.shell:Skip shell extension 'powershell' for command environment: Not usable outside of PowerShell
[0.294s] DEBUG:colcon.colcon_core.shell:Skip shell extension 'dsv' for command environment
[0.426s] INFO:colcon.colcon_core.task.python.build:Building Python package in '/home/yuma0825/ros2_ws/src/clock_node'
[0.426s] INFO:colcon.colcon_core.shell:Skip shell extension 'powershell' for command environment: Not usable outside of PowerShell
[0.426s] DEBUG:colcon.colcon_core.shell:Skip shell extension 'dsv' for command environment
[0.539s] INFO:colcon.colcon_core.task.python.build:Building Python package in '/home/yuma0825/ros2_ws/src/your_package_name'
[0.540s] INFO:colcon.colcon_core.shell:Skip shell extension 'powershell' for command environment: Not usable outside of PowerShell
[0.540s] DEBUG:colcon.colcon_core.shell:Skip shell extension 'dsv' for command environment
[0.886s] DEBUG:colcon.colcon_core.event_handler.log_command:Invoking command in '/home/yuma0825/ros2_ws/src/your_package_name': PYTHONPATH=/home/yuma0825/ros2_ws/build/your_package_name/prefix_override:/usr/lib/python3/dist-packages/colcon_core/task/python/colcon_distutils_commands:/home/yuma0825/ros2_ws/install/your_package_name/lib/python3.8/site-packages:${PYTHONPATH} /usr/bin/python3 -W ignore:setup.py install is deprecated -W ignore:easy_install command is deprecated setup.py egg_info --egg-base ../../build/your_package_name build --build-base /home/yuma0825/ros2_ws/build/your_package_name/build install --record /home/yuma0825/ros2_ws/build/your_package_name/install.log --install-scripts $base/lib/your_package_name --single-version-externally-managed install_data
[0.896s] DEBUG:colcon.colcon_core.event_handler.log_command:Invoking command in '/home/yuma0825/ros2_ws/src/clock_node': PYTHONPATH=/home/yuma0825/ros2_ws/build/clock_node/prefix_override:/usr/lib/python3/dist-packages/colcon_core/task/python/colcon_distutils_commands:/home/yuma0825/ros2_ws/install/clock_node/lib/python3.8/site-packages:${PYTHONPATH} /usr/bin/python3 -W ignore:setup.py install is deprecated -W ignore:easy_install command is deprecated setup.py egg_info --egg-base ../../build/clock_node build --build-base /home/yuma0825/ros2_ws/build/clock_node/build install --record /home/yuma0825/ros2_ws/build/clock_node/install.log --install-scripts $base/lib/clock_node --single-version-externally-managed install_data
[1.116s] DEBUG:colcon.colcon_core.event_handler.log_command:Invoked command in '/home/yuma0825/ros2_ws/src/your_package_name' returned '0': PYTHONPATH=/home/yuma0825/ros2_ws/build/your_package_name/prefix_override:/usr/lib/python3/dist-packages/colcon_core/task/python/colcon_distutils_commands:/home/yuma0825/ros2_ws/install/your_package_name/lib/python3.8/site-packages:${PYTHONPATH} /usr/bin/python3 -W ignore:setup.py install is deprecated -W ignore:easy_install command is deprecated setup.py egg_info --egg-base ../../build/your_package_name build --build-base /home/yuma0825/ros2_ws/build/your_package_name/build install --record /home/yuma0825/ros2_ws/build/your_package_name/install.log --install-scripts $base/lib/your_package_name --single-version-externally-managed install_data
[1.125s] Level 1:colcon.colcon_core.environment:checking '/home/yuma0825/ros2_ws/install/your_package_name' for CMake module files
[1.125s] Level 1:colcon.colcon_core.environment:checking '/home/yuma0825/ros2_ws/install/your_package_name' for CMake config files
[1.126s] Level 1:colcon.colcon_core.environment:checking '/home/yuma0825/ros2_ws/install/your_package_name/lib'
[1.126s] Level 1:colcon.colcon_core.environment:checking '/home/yuma0825/ros2_ws/install/your_package_name/bin'
[1.126s] Level 1:colcon.colcon_core.environment:checking '/home/yuma0825/ros2_ws/install/your_package_name/lib/pkgconfig/your_package_name.pc'
[1.126s] Level 1:colcon.colcon_core.environment:checking '/home/yuma0825/ros2_ws/install/your_package_name/lib/python3.8/site-packages'
[1.126s] Level 1:colcon.colcon_core.shell:create_environment_hook('your_package_name', 'pythonpath')
[1.126s] INFO:colcon.colcon_core.shell:Creating environment hook '/home/yuma0825/ros2_ws/install/your_package_name/share/your_package_name/hook/pythonpath.ps1'
[1.127s] INFO:colcon.colcon_core.shell:Creating environment descriptor '/home/yuma0825/ros2_ws/install/your_package_name/share/your_package_name/hook/pythonpath.dsv'
[1.127s] INFO:colcon.colcon_core.shell:Creating environment hook '/home/yuma0825/ros2_ws/install/your_package_name/share/your_package_name/hook/pythonpath.sh'
[1.127s] Level 1:colcon.colcon_core.environment:checking '/home/yuma0825/ros2_ws/install/your_package_name/bin'
[1.127s] Level 1:colcon.colcon_core.environment:create_environment_scripts_only(your_package_name)
[1.127s] INFO:colcon.colcon_core.shell:Creating package script '/home/yuma0825/ros2_ws/install/your_package_name/share/your_package_name/package.ps1'
[1.128s] INFO:colcon.colcon_core.shell:Creating package descriptor '/home/yuma0825/ros2_ws/install/your_package_name/share/your_package_name/package.dsv'
[1.129s] INFO:colcon.colcon_core.shell:Creating package script '/home/yuma0825/ros2_ws/install/your_package_name/share/your_package_name/package.sh'
[1.130s] INFO:colcon.colcon_core.shell:Creating package script '/home/yuma0825/ros2_ws/install/your_package_name/share/your_package_name/package.bash'
[1.131s] INFO:colcon.colcon_core.shell:Creating package script '/home/yuma0825/ros2_ws/install/your_package_name/share/your_package_name/package.zsh'
[1.132s] Level 1:colcon.colcon_core.environment:create_file_with_runtime_dependencies(/home/yuma0825/ros2_ws/install/your_package_name/share/colcon-core/packages/your_package_name)
[1.133s] Level 1:colcon.colcon_core.environment:checking '/home/yuma0825/ros2_ws/install/clock_node' for CMake module files
[1.133s] DEBUG:colcon.colcon_core.event_handler.log_command:Invoked command in '/home/yuma0825/ros2_ws/src/clock_node' returned '0': PYTHONPATH=/home/yuma0825/ros2_ws/build/clock_node/prefix_override:/usr/lib/python3/dist-packages/colcon_core/task/python/colcon_distutils_commands:/home/yuma0825/ros2_ws/install/clock_node/lib/python3.8/site-packages:${PYTHONPATH} /usr/bin/python3 -W ignore:setup.py install is deprecated -W ignore:easy_install command is deprecated setup.py egg_info --egg-base ../../build/clock_node build --build-base /home/yuma0825/ros2_ws/build/clock_node/build install --record /home/yuma0825/ros2_ws/build/clock_node/install.log --install-scripts $base/lib/clock_node --single-version-externally-managed install_data
[1.134s] Level 1:colcon.colcon_core.environment:checking '/home/yuma0825/ros2_ws/install/clock_node' for CMake config files
[1.134s] Level 1:colcon.colcon_core.environment:checking '/home/yuma0825/ros2_ws/install/clock_node/lib'
[1.134s] Level 1:colcon.colcon_core.environment:checking '/home/yuma0825/ros2_ws/install/clock_node/bin'
[1.134s] Level 1:colcon.colcon_core.environment:checking '/home/yuma0825/ros2_ws/install/clock_node/lib/pkgconfig/clock_node.pc'
[1.135s] Level 1:colcon.colcon_core.environment:checking '/home/yuma0825/ros2_ws/install/clock_node/lib/python3.8/site-packages'
[1.135s] Level 1:colcon.colcon_core.shell:create_environment_hook('clock_node', 'pythonpath')
[1.135s] INFO:colcon.colcon_core.shell:Creating environment hook '/home/yuma0825/ros2_ws/install/clock_node/share/clock_node/hook/pythonpath.ps1'
[1.135s] INFO:colcon.colcon_core.shell:Creating environment descriptor '/home/yuma0825/ros2_ws/install/clock_node/share/clock_node/hook/pythonpath.dsv'
[1.136s] INFO:colcon.colcon_core.shell:Creating environment hook '/home/yuma0825/ros2_ws/install/clock_node/share/clock_node/hook/pythonpath.sh'
[1.136s] Level 1:colcon.colcon_core.environment:checking '/home/yuma0825/ros2_ws/install/clock_node/bin'
[1.136s] Level 1:colcon.colcon_core.environment:create_environment_scripts_only(clock_node)
[1.136s] INFO:colcon.colcon_core.shell:Creating package script '/home/yuma0825/ros2_ws/install/clock_node/share/clock_node/package.ps1'
[1.137s] INFO:colcon.colcon_core.shell:Creating package descriptor '/home/yuma0825/ros2_ws/install/clock_node/share/clock_node/package.dsv'
[1.137s] INFO:colcon.colcon_core.shell:Creating package script '/home/yuma0825/ros2_ws/install/clock_node/share/clock_node/package.sh'
[1.137s] INFO:colcon.colcon_core.shell:Creating package script '/home/yuma0825/ros2_ws/install/clock_node/share/clock_node/package.bash'
[1.137s] INFO:colcon.colcon_core.shell:Creating package script '/home/yuma0825/ros2_ws/install/clock_node/share/clock_node/package.zsh'
[1.138s] Level 1:colcon.colcon_core.environment:create_file_with_runtime_dependencies(/home/yuma0825/ros2_ws/install/clock_node/share/colcon-core/packages/clock_node)
[1.138s] DEBUG:colcon.colcon_parallel_executor.executor.parallel:closing loop
[1.139s] DEBUG:colcon.colcon_parallel_executor.executor.parallel:loop closed
[1.139s] DEBUG:colcon.colcon_parallel_executor.executor.parallel:run_until_complete finished with '0'
[1.139s] DEBUG:colcon.colcon_core.event_reactor:joining thread
[1.164s] INFO:colcon.colcon_core.plugin_system:Skipping extension 'colcon_notification.desktop_notification.notify_send': Could not find 'notify-send'
[1.165s] INFO:colcon.colcon_core.plugin_system:Skipping extension 'colcon_notification.desktop_notification.terminal_notifier': Not used on non-Darwin systems
[1.165s] INFO:colcon.colcon_core.plugin_system:Skipping extension 'colcon_notification.desktop_notification.win32': Not used on non-Windows systems
[1.165s] INFO:colcon.colcon_notification.desktop_notification:Sending desktop notification using 'notify2'
[1.169s] DEBUG:colcon.colcon_notification.desktop_notification.notify2:Failed to initialize notify2: org.freedesktop.DBus.Error.ServiceUnknown: The name org.freedesktop.Notifications was not provided by any .service files
[1.169s] DEBUG:colcon.colcon_core.event_reactor:joined thread
[1.170s] INFO:colcon.colcon_core.shell:Creating prefix script '/home/yuma0825/ros2_ws/install/local_setup.ps1'
[1.171s] INFO:colcon.colcon_core.shell:Creating prefix util module '/home/yuma0825/ros2_ws/install/_local_setup_util_ps1.py'
[1.172s] INFO:colcon.colcon_core.shell:Creating prefix chain script '/home/yuma0825/ros2_ws/install/setup.ps1'
[1.173s] INFO:colcon.colcon_core.shell:Creating prefix script '/home/yuma0825/ros2_ws/install/local_setup.sh'
[1.173s] INFO:colcon.colcon_core.shell:Creating prefix util module '/home/yuma0825/ros2_ws/install/_local_setup_util_sh.py'
[1.173s] INFO:colcon.colcon_core.shell:Creating prefix chain script '/home/yuma0825/ros2_ws/install/setup.sh'
[1.174s] INFO:colcon.colcon_core.shell:Creating prefix script '/home/yuma0825/ros2_ws/install/local_setup.bash'
[1.174s] INFO:colcon.colcon_core.shell:Creating prefix chain script '/home/yuma0825/ros2_ws/install/setup.bash'
[1.175s] INFO:colcon.colcon_core.shell:Creating prefix script '/home/yuma0825/ros2_ws/install/local_setup.zsh'
[1.175s] INFO:colcon.colcon_core.shell:Creating prefix chain script '/home/yuma0825/ros2_ws/install/setup.zsh'
