running egg_info
creating ../../build/your_package_name/your_package_name.egg-info
writing ../../build/your_package_name/your_package_name.egg-info/PKG-INFO
writing dependency_links to ../../build/your_package_name/your_package_name.egg-info/dependency_links.txt
writing entry points to ../../build/your_package_name/your_package_name.egg-info/entry_points.txt
writing requirements to ../../build/your_package_name/your_package_name.egg-info/requires.txt
writing top-level names to ../../build/your_package_name/your_package_name.egg-info/top_level.txt
writing manifest file '../../build/your_package_name/your_package_name.egg-info/SOURCES.txt'
reading manifest file '../../build/your_package_name/your_package_name.egg-info/SOURCES.txt'
writing manifest file '../../build/your_package_name/your_package_name.egg-info/SOURCES.txt'
running build
running build_py
creating /home/yuma0825/ros2_ws/build/your_package_name/build
creating /home/yuma0825/ros2_ws/build/your_package_name/build/lib
creating /home/yuma0825/ros2_ws/build/your_package_name/build/lib/your_package_name
copying your_package_name/__init__.py -> /home/yuma0825/ros2_ws/build/your_package_name/build/lib/your_package_name
running install
running install_lib
creating /home/yuma0825/ros2_ws/install/your_package_name/lib/python3.8/site-packages/your_package_name
copying /home/yuma0825/ros2_ws/build/your_package_name/build/lib/your_package_name/__init__.py -> /home/yuma0825/ros2_ws/install/your_package_name/lib/python3.8/site-packages/your_package_name
byte-compiling /home/yuma0825/ros2_ws/install/your_package_name/lib/python3.8/site-packages/your_package_name/__init__.py to __init__.cpython-38.pyc
running install_data
creating /home/yuma0825/ros2_ws/install/your_package_name/share/ament_index
creating /home/yuma0825/ros2_ws/install/your_package_name/share/ament_index/resource_index
creating /home/yuma0825/ros2_ws/install/your_package_name/share/ament_index/resource_index/packages
copying resource/your_package_name -> /home/yuma0825/ros2_ws/install/your_package_name/share/ament_index/resource_index/packages
copying package.xml -> /home/yuma0825/ros2_ws/install/your_package_name/share/your_package_name
running install_egg_info
Copying ../../build/your_package_name/your_package_name.egg-info to /home/yuma0825/ros2_ws/install/your_package_name/lib/python3.8/site-packages/your_package_name-0.0.0-py3.8.egg-info
running install_scripts
writing list of installed files to '/home/yuma0825/ros2_ws/build/your_package_name/install.log'
