[0.614s] Invoking command in '/home/yuma0825/ros2_ws/src/clock_node': PYTHONPATH=/home/yuma0825/ros2_ws/build/clock_node/prefix_override:/usr/lib/python3/dist-packages/colcon_core/task/python/colcon_distutils_commands:/home/yuma0825/ros2_ws/install/clock_node/lib/python3.8/site-packages:${PYTHONPATH} /usr/bin/python3 -W ignore:setup.py install is deprecated -W ignore:easy_install command is deprecated setup.py egg_info --egg-base ../../build/clock_node build --build-base /home/yuma0825/ros2_ws/build/clock_node/build install --record /home/yuma0825/ros2_ws/build/clock_node/install.log --install-scripts $base/lib/clock_node --single-version-externally-managed install_data
[0.765s] running egg_info
[0.765s] creating ../../build/clock_node/clock_node.egg-info
[0.765s] writing ../../build/clock_node/clock_node.egg-info/PKG-INFO
[0.766s] writing dependency_links to ../../build/clock_node/clock_node.egg-info/dependency_links.txt
[0.766s] writing entry points to ../../build/clock_node/clock_node.egg-info/entry_points.txt
[0.766s] writing requirements to ../../build/clock_node/clock_node.egg-info/requires.txt
[0.766s] writing top-level names to ../../build/clock_node/clock_node.egg-info/top_level.txt
[0.770s] writing manifest file '../../build/clock_node/clock_node.egg-info/SOURCES.txt'
[0.791s] reading manifest file '../../build/clock_node/clock_node.egg-info/SOURCES.txt'
[0.791s] writing manifest file '../../build/clock_node/clock_node.egg-info/SOURCES.txt'
[0.791s] running build
[0.791s] running build_py
[0.791s] creating /home/yuma0825/ros2_ws/build/clock_node/build
[0.792s] creating /home/yuma0825/ros2_ws/build/clock_node/build/lib
[0.792s] creating /home/yuma0825/ros2_ws/build/clock_node/build/lib/clock_node
[0.793s] copying clock_node/clock_service.py -> /home/yuma0825/ros2_ws/build/clock_node/build/lib/clock_node
[0.793s] copying clock_node/__init__.py -> /home/yuma0825/ros2_ws/build/clock_node/build/lib/clock_node
[0.793s] running install
[0.794s] running install_lib
[0.794s] creating /home/yuma0825/ros2_ws/install/clock_node/lib/python3.8/site-packages/clock_node
[0.795s] copying /home/yuma0825/ros2_ws/build/clock_node/build/lib/clock_node/clock_service.py -> /home/yuma0825/ros2_ws/install/clock_node/lib/python3.8/site-packages/clock_node
[0.795s] copying /home/yuma0825/ros2_ws/build/clock_node/build/lib/clock_node/__init__.py -> /home/yuma0825/ros2_ws/install/clock_node/lib/python3.8/site-packages/clock_node
[0.795s] byte-compiling /home/yuma0825/ros2_ws/install/clock_node/lib/python3.8/site-packages/clock_node/clock_service.py to clock_service.cpython-38.pyc
[0.798s] byte-compiling /home/yuma0825/ros2_ws/install/clock_node/lib/python3.8/site-packages/clock_node/__init__.py to __init__.cpython-38.pyc
[0.799s] running install_data
[0.799s] creating /home/yuma0825/ros2_ws/install/clock_node/share/ament_index
[0.799s] creating /home/yuma0825/ros2_ws/install/clock_node/share/ament_index/resource_index
[0.800s] creating /home/yuma0825/ros2_ws/install/clock_node/share/ament_index/resource_index/packages
[0.800s] copying resource/clock_node -> /home/yuma0825/ros2_ws/install/clock_node/share/ament_index/resource_index/packages
[0.800s] copying package.xml -> /home/yuma0825/ros2_ws/install/clock_node/share/clock_node
[0.801s] running install_egg_info
[0.801s] Copying ../../build/clock_node/clock_node.egg-info to /home/yuma0825/ros2_ws/install/clock_node/lib/python3.8/site-packages/clock_node-0.0.0-py3.8.egg-info
[0.801s] running install_scripts
[0.812s] Installing clock_service script to /home/yuma0825/ros2_ws/install/clock_node/lib/clock_node
[0.813s] writing list of installed files to '/home/yuma0825/ros2_ws/build/clock_node/install.log'
[0.852s] Invoked command in '/home/yuma0825/ros2_ws/src/clock_node' returned '0': PYTHONPATH=/home/yuma0825/ros2_ws/build/clock_node/prefix_override:/usr/lib/python3/dist-packages/colcon_core/task/python/colcon_distutils_commands:/home/yuma0825/ros2_ws/install/clock_node/lib/python3.8/site-packages:${PYTHONPATH} /usr/bin/python3 -W ignore:setup.py install is deprecated -W ignore:easy_install command is deprecated setup.py egg_info --egg-base ../../build/clock_node build --build-base /home/yuma0825/ros2_ws/build/clock_node/build install --record /home/yuma0825/ros2_ws/build/clock_node/install.log --install-scripts $base/lib/clock_node --single-version-externally-managed install_data
